<?xml version="1.0" encoding="UTF-8"?>
<!-- Generated by org.testng.reporters.JUnitReportReporter -->
<testsuite skipped="0" hostname="R90M6Y3HR9N0B6B25027" name="testCases.TC_FillForm" tests="1" failures="0" timestamp="2020-03-03T09:31:59 CST" time="37.901" errors="0">
  <testcase name="TC4_w3schoold" time="37.901" classname="testCases.TC_FillForm"/>
</testsuite> <!-- testCases.TC_FillForm -->
