<?xml version="1.0" encoding="UTF-8"?>
<!-- Generated by org.testng.reporters.JUnitReportReporter -->
<testsuite skipped="0" hostname="R90M6Y3HR9N0B6B25027" name="testCases.R_00_01_Autenticacion_I" tests="1" failures="0" timestamp="2020-02-28T08:55:33 CST" time="55.862" errors="0">
  <testcase name="TC4_w3schoold" time="55.862" classname="testCases.R_00_01_Autenticacion_I"/>
</testsuite> <!-- testCases.R_00_01_Autenticacion_I -->
